<?xml version="1.0" encoding="UTF-8"?>
<!-- Generated by org.testng.reporters.JUnitReportReporter -->
<testsuite hostname="DESKTOP-1M2NCUN" failures="0" tests="2" name="variousConcept.LearnTestNG" time="29.938" errors="0" timestamp="2021-05-10T08:54:53 CDT" skipped="0">
  <testcase classname="variousConcept.LearnTestNG" name="loginTest" time="13.898"/>
  <system-out/>
  <testcase classname="variousConcept.LearnTestNG" name="addCustomer" time="16.040"/>
  <system-out/>
</testsuite> <!-- variousConcept.LearnTestNG -->
