<?xml version="1.0" encoding="UTF-8"?>
<!-- Generated by org.testng.reporters.JUnitReportReporter -->
<testsuite hostname="DESKTOP-1M2NCUN" failures="0" tests="2" name="variousConcept.LearnTestNG" time="36.844" errors="0" timestamp="2021-05-09T10:54:46 CDT" skipped="0">
  <testcase classname="variousConcept.LearnTestNG" name="loginTest" time="17.502"/>
  <system-out/>
  <testcase classname="variousConcept.LearnTestNG" name="addCustomer" time="19.342"/>
  <system-out/>
</testsuite> <!-- variousConcept.LearnTestNG -->
